{"D:\\code-project\\Rikkeiedu\\all-practices\\session8-md3\\react-project\\src\\routes\\ProtectedRoute.tsx": {"path":"D:\\code-project\\Rikkeiedu\\all-practices\\session8-md3\\react-project\\src\\routes\\ProtectedRoute.tsx","statementMap":{"0":{"start":{"line":5,"column":18},"end":{"line":5,"column":null}},"1":{"start":{"line":5,"column":42},"end":{"line":5,"column":53}},"2":{"start":{"line":7,"column":4},"end":{"line":9,"column":null}},"3":{"start":{"line":8,"column":8},"end":{"line":8,"column":null}},"4":{"start":{"line":11,"column":4},"end":{"line":11,"column":null}}},"fnMap":{"0":{"name":"ProtectedRoute","decl":{"start":{"line":4,"column":24},"end":{"line":4,"column":41}},"loc":{"start":{"line":4,"column":41},"end":{"line":12,"column":null}},"line":4},"1":{"name":"(anonymous_1)","decl":{"start":{"line":5,"column":18},"end":{"line":5,"column":32}},"loc":{"start":{"line":5,"column":42},"end":{"line":5,"column":53}},"line":5}},"branchMap":{"0":{"loc":{"start":{"line":7,"column":4},"end":{"line":9,"column":null}},"type":"if","locations":[{"start":{"line":7,"column":4},"end":{"line":9,"column":null}},{"start":{},"end":{}}],"line":7}},"s":{"0":2,"1":2,"2":2,"3":1,"4":1},"f":{"0":2,"1":2},"b":{"0":[1,1]},"meta":{"lastBranch":1,"lastFunction":2,"lastStatement":5,"seen":{"f:4:24:4:41":0,"s:5:18:5:Infinity":0,"f:5:18:5:32":1,"s:5:42:5:53":1,"b:7:4:9:Infinity:undefined:undefined:undefined:undefined":0,"s:7:4:9:Infinity":2,"s:8:8:8:Infinity":3,"s:11:4:11:Infinity":4},"fnNames":{}}}
,"D:\\code-project\\Rikkeiedu\\all-practices\\session8-md3\\react-project\\src\\schema\\employee.schema.ts": {"path":"D:\\code-project\\Rikkeiedu\\all-practices\\session8-md3\\react-project\\src\\schema\\employee.schema.ts","statementMap":{"0":{"start":{"line":3,"column":30},"end":{"line":19,"column":null}},"1":{"start":{"line":16,"column":25},"end":{"line":16,"column":null}}},"fnMap":{"0":{"name":"(anonymous_0)","decl":{"start":{"line":16,"column":8},"end":{"line":16,"column":25}},"loc":{"start":{"line":16,"column":25},"end":{"line":16,"column":null}},"line":16}},"branchMap":{},"s":{"0":1,"1":1},"f":{"0":1},"b":{},"meta":{"lastBranch":0,"lastFunction":1,"lastStatement":2,"seen":{"s:3:30:19:Infinity":0,"f:16:8:16:25":0,"s:16:25:16:Infinity":1},"fnNames":{}}}
,"D:\\code-project\\Rikkeiedu\\all-practices\\session8-md3\\react-project\\src\\schema\\login.schema.ts": {"path":"D:\\code-project\\Rikkeiedu\\all-practices\\session8-md3\\react-project\\src\\schema\\login.schema.ts","statementMap":{"0":{"start":{"line":3,"column":27},"end":{"line":10,"column":null}}},"fnMap":{},"branchMap":{},"s":{"0":1},"f":{},"b":{},"meta":{"lastBranch":0,"lastFunction":0,"lastStatement":1,"seen":{"s:3:27:10:Infinity":0},"fnNames":{}}}
,"D:\\code-project\\Rikkeiedu\\all-practices\\session8-md3\\react-project\\src\\stores\\authStore.ts": {"path":"D:\\code-project\\Rikkeiedu\\all-practices\\session8-md3\\react-project\\src\\stores\\authStore.ts","statementMap":{"0":{"start":{"line":10,"column":28},"end":{"line":21,"column":null}},"1":{"start":{"line":12,"column":18},"end":{"line":16,"column":null}},"2":{"start":{"line":14,"column":41},"end":{"line":14,"column":null}},"3":{"start":{"line":15,"column":30},"end":{"line":15,"column":null}}},"fnMap":{"0":{"name":"(anonymous_0)","decl":{"start":{"line":11,"column":4},"end":{"line":11,"column":null}},"loc":{"start":{"line":12,"column":18},"end":{"line":16,"column":null}},"line":12},"1":{"name":"(anonymous_1)","decl":{"start":{"line":14,"column":12},"end":{"line":14,"column":23}},"loc":{"start":{"line":14,"column":41},"end":{"line":14,"column":null}},"line":14},"2":{"name":"(anonymous_2)","decl":{"start":{"line":15,"column":12},"end":{"line":15,"column":30}},"loc":{"start":{"line":15,"column":30},"end":{"line":15,"column":null}},"line":15}},"branchMap":{},"s":{"0":2,"1":2,"2":6,"3":3},"f":{"0":2,"1":6,"2":3},"b":{},"meta":{"lastBranch":0,"lastFunction":3,"lastStatement":4,"seen":{"s:10:28:21:Infinity":0,"f:11:4:11:Infinity":0,"s:12:18:16:Infinity":1,"f:14:12:14:23":1,"s:14:41:14:Infinity":2,"f:15:12:15:30":2,"s:15:30:15:Infinity":3},"fnNames":{}}}
,"D:\\code-project\\Rikkeiedu\\all-practices\\session8-md3\\react-project\\src\\utils\\helper.utils.ts": {"path":"D:\\code-project\\Rikkeiedu\\all-practices\\session8-md3\\react-project\\src\\utils\\helper.utils.ts","statementMap":{"0":{"start":{"line":2,"column":4},"end":{"line":8,"column":null}},"1":{"start":{"line":10,"column":13},"end":{"line":38,"column":null}},"2":{"start":{"line":11,"column":4},"end":{"line":37,"column":null}},"3":{"start":{"line":13,"column":12},"end":{"line":18,"column":null}},"4":{"start":{"line":20,"column":12},"end":{"line":24,"column":null}},"5":{"start":{"line":26,"column":12},"end":{"line":30,"column":null}},"6":{"start":{"line":32,"column":12},"end":{"line":36,"column":null}}},"fnMap":{"0":{"name":"removeVietnameseTones","decl":{"start":{"line":1,"column":16},"end":{"line":1,"column":38}},"loc":{"start":{"line":1,"column":59},"end":{"line":9,"column":null}},"line":1},"1":{"name":"(anonymous_1)","decl":{"start":{"line":10,"column":13},"end":{"line":10,"column":36}},"loc":{"start":{"line":10,"column":55},"end":{"line":38,"column":null}},"line":10}},"branchMap":{"0":{"loc":{"start":{"line":11,"column":4},"end":{"line":37,"column":null}},"type":"switch","locations":[{"start":{"line":12,"column":8},"end":{"line":18,"column":null}},{"start":{"line":19,"column":8},"end":{"line":24,"column":null}},{"start":{"line":25,"column":8},"end":{"line":30,"column":null}},{"start":{"line":31,"column":8},"end":{"line":36,"column":null}}],"line":11}},"s":{"0":13,"1":1,"2":7,"3":2,"4":2,"5":2,"6":1},"f":{"0":13,"1":7},"b":{"0":[2,2,2,1]},"meta":{"lastBranch":1,"lastFunction":2,"lastStatement":7,"seen":{"f:1:16:1:38":0,"s:2:4:8:Infinity":0,"s:10:13:38:Infinity":1,"f:10:13:10:36":1,"b:12:8:18:Infinity:19:8:24:Infinity:25:8:30:Infinity:31:8:36:Infinity":0,"s:11:4:37:Infinity":2,"s:13:12:18:Infinity":3,"s:20:12:24:Infinity":4,"s:26:12:30:Infinity":5,"s:32:12:36:Infinity":6},"fnNames":{}}}
}
